C:\USERS\ROB\WORKSPACE\COSMOS-SIM\DISP-PARTICLES\DEBUG\DISP-PARTICLES.EXE
C:\USERS\ROB\WORKSPACE\COSMOS-SIM\DISP-PARTICLES\DEBUG\DISP-PARTICLES.ILK
C:\USERS\ROB\WORKSPACE\COSMOS-SIM\DISP-PARTICLES\DEBUG\DISP-PARTICLES.PDB
C:\Users\Rob\workspace\cosmos-sim\disp-particles\disp-particles\Debug\cl.command.1.tlog
C:\Users\Rob\workspace\cosmos-sim\disp-particles\disp-particles\Debug\CL.read.1.tlog
C:\Users\Rob\workspace\cosmos-sim\disp-particles\disp-particles\Debug\CL.write.1.tlog
C:\USERS\ROB\WORKSPACE\COSMOS-SIM\DISP-PARTICLES\DISP-PARTICLES\DEBUG\DISP-PARTICLES.EXE.EMBED.MANIFEST
C:\USERS\ROB\WORKSPACE\COSMOS-SIM\DISP-PARTICLES\DISP-PARTICLES\DEBUG\DISP-PARTICLES.EXE.EMBED.MANIFEST.RES
C:\USERS\ROB\WORKSPACE\COSMOS-SIM\DISP-PARTICLES\DISP-PARTICLES\DEBUG\DISP-PARTICLES.EXE.INTERMEDIATE.MANIFEST
C:\Users\Rob\workspace\cosmos-sim\disp-particles\disp-particles\Debug\disp-particles.vcxprojResolveAssemblyReference.cache
C:\Users\Rob\workspace\cosmos-sim\disp-particles\disp-particles\Debug\disp-particles.write.1.tlog
C:\Users\Rob\workspace\cosmos-sim\disp-particles\disp-particles\Debug\disp-particles_manifest.rc
C:\Users\Rob\workspace\cosmos-sim\disp-particles\disp-particles\Debug\kernel.cu.cache
C:\Users\Rob\workspace\cosmos-sim\disp-particles\disp-particles\Debug\kernel.cu.obj
C:\Users\Rob\workspace\cosmos-sim\disp-particles\disp-particles\Debug\link.5096.read.1.tlog
C:\Users\Rob\workspace\cosmos-sim\disp-particles\disp-particles\Debug\link.5096.write.1.tlog
C:\Users\Rob\workspace\cosmos-sim\disp-particles\disp-particles\Debug\link.5096-cvtres.read.1.tlog
C:\Users\Rob\workspace\cosmos-sim\disp-particles\disp-particles\Debug\link.5096-cvtres.write.1.tlog
C:\Users\Rob\workspace\cosmos-sim\disp-particles\disp-particles\Debug\link.command.1.tlog
C:\Users\Rob\workspace\cosmos-sim\disp-particles\disp-particles\Debug\link.read.1.tlog
C:\Users\Rob\workspace\cosmos-sim\disp-particles\disp-particles\Debug\link.write.1.tlog
C:\Users\Rob\workspace\cosmos-sim\disp-particles\disp-particles\Debug\link-cvtres.read.1.tlog
C:\Users\Rob\workspace\cosmos-sim\disp-particles\disp-particles\Debug\link-cvtres.write.1.tlog
C:\Users\Rob\workspace\cosmos-sim\disp-particles\disp-particles\Debug\mt.command.1.tlog
C:\Users\Rob\workspace\cosmos-sim\disp-particles\disp-particles\Debug\mt.read.1.tlog
C:\Users\Rob\workspace\cosmos-sim\disp-particles\disp-particles\Debug\mt.write.1.tlog
C:\Users\Rob\workspace\cosmos-sim\disp-particles\disp-particles\Debug\rc.command.1.tlog
C:\Users\Rob\workspace\cosmos-sim\disp-particles\disp-particles\Debug\rc.read.1.tlog
C:\Users\Rob\workspace\cosmos-sim\disp-particles\disp-particles\Debug\rc.write.1.tlog
C:\USERS\ROB\WORKSPACE\COSMOS-SIM\DISP-PARTICLES\DISP-PARTICLES\DEBUG\RENDER_PARTICLES.OBJ
C:\Users\Rob\workspace\cosmos-sim\disp-particles\disp-particles\Debug\vc100.idb
C:\USERS\ROB\WORKSPACE\COSMOS-SIM\DISP-PARTICLES\DISP-PARTICLES\DEBUG\VC100.PDB
